# JRE version: OpenJDK Runtime Environment (8.0_112-b06) (build 1.8.0_112-release-b06)
# Java VM: OpenJDK 64-Bit Server VM (25.112-b06 mixed mode windows-amd64 compressed oops)
Heap:
 PSYoungGen      total 62464K, used 34413K [0x00000000e0000000, 0x00000000e7880000, 0x0000000100000000)
  eden space 58880K, 52% used [0x00000000e0000000,0x00000000e1e233a8,0x00000000e3980000)
  from space 3584K, 99% used [0x00000000e7500000,0x00000000e78781f8,0x00000000e7880000)
  to   space 16384K, 0% used [0x00000000e5880000,0x00000000e5880000,0x00000000e6880000)
 ParOldGen       total 68096K, used 28956K [0x00000000a0000000, 0x00000000a4280000, 0x00000000e0000000)
  object space 68096K, 42% used [0x00000000a0000000,0x00000000a1c47368,0x00000000a4280000)
 Metaspace       used 50272K, capacity 51562K, committed 51672K, reserved 1093632K
  class space    used 6524K, capacity 6846K, committed 6912K, reserved 1048576K
GC Heap History (10 events):
Event: 64.602 GC heap before
{Heap before GC invocations=8 (full 2):
 PSYoungGen      total 74752K, used 10652K [0x00000000e0000000, 0x00000000e5600000, 0x0000000100000000)
  eden space 63488K, 0% used [0x00000000e0000000,0x00000000e0000000,0x00000000e3e00000)
  from space 11264K, 94% used [0x00000000e4a80000,0x00000000e54e7018,0x00000000e5580000)
  to   space 12288K, 0% used [0x00000000e3e00000,0x00000000e3e00000,0x00000000e4a00000)
 ParOldGen       total 64512K, used 16156K [0x00000000a0000000, 0x00000000a3f00000, 0x00000000e0000000)
  object space 64512K, 25% used [0x00000000a0000000,0x00000000a0fc73f0,0x00000000a3f00000)
 Metaspace       used 34723K, capacity 35402K, committed 35416K, reserved 1079296K
  class space    used 4554K, capacity 4732K, committed 4736K, reserved 1048576K
Event: 64.662 GC heap after
Heap after GC invocations=8 (full 2):
 PSYoungGen      total 74752K, used 0K [0x00000000e0000000, 0x00000000e5600000, 0x0000000100000000)
  eden space 63488K, 0% used [0x00000000e0000000,0x00000000e0000000,0x00000000e3e00000)
  from space 11264K, 0% used [0x00000000e4a80000,0x00000000e4a80000,0x00000000e5580000)
  to   space 12288K, 0% used [0x00000000e3e00000,0x00000000e3e00000,0x00000000e4a00000)
 ParOldGen       total 68096K, used 17219K [0x00000000a0000000, 0x00000000a4280000, 0x00000000e0000000)
  object space 68096K, 25% used [0x00000000a0000000,0x00000000a10d0d80,0x00000000a4280000)
 Metaspace       used 34648K, capacity 35282K, committed 35416K, reserved 1079296K
  class space    used 4533K, capacity 4692K, committed 4736K, reserved 1048576K
}
Event: 66.752 GC heap before
{Heap before GC invocations=9 (full 2):
 PSYoungGen      total 74752K, used 63488K [0x00000000e0000000, 0x00000000e5600000, 0x0000000100000000)
  eden space 63488K, 100% used [0x00000000e0000000,0x00000000e3e00000,0x00000000e3e00000)
  from space 11264K, 0% used [0x00000000e4a80000,0x00000000e4a80000,0x00000000e5580000)
  to   space 12288K, 0% used [0x00000000e3e00000,0x00000000e3e00000,0x00000000e4a00000)
 ParOldGen       total 68096K, used 17219K [0x00000000a0000000, 0x00000000a4280000, 0x00000000e0000000)
  object space 68096K, 25% used [0x00000000a0000000,0x00000000a10d0d80,0x00000000a4280000)
 Metaspace       used 39634K, capacity 40394K, committed 40664K, reserved 1085440K
  class space    used 5148K, capacity 5370K, committed 5376K, reserved 1048576K
Event: 66.798 GC heap after
Heap after GC invocations=9 (full 2):
 PSYoungGen      total 75776K, used 5830K [0x00000000e0000000, 0x00000000e8400000, 0x0000000100000000)
  eden space 63488K, 0% used [0x00000000e0000000,0x00000000e0000000,0x00000000e3e00000)
  from space 12288K, 47% used [0x00000000e3e00000,0x00000000e43b1b68,0x00000000e4a00000)
  to   space 12288K, 0% used [0x00000000e7800000,0x00000000e7800000,0x00000000e8400000)
 ParOldGen       total 68096K, used 17219K [0x00000000a0000000, 0x00000000a4280000, 0x00000000e0000000)
  object space 68096K, 25% used [0x00000000a0000000,0x00000000a10d0d80,0x00000000a4280000)
 Metaspace       used 39634K, capacity 40394K, committed 40664K, reserved 1085440K
  class space    used 5148K, capacity 5370K, committed 5376K, reserved 1048576K
}
Event: 79.393 GC heap before
{Heap before GC invocations=10 (full 2):
 PSYoungGen      total 75776K, used 69318K [0x00000000e0000000, 0x00000000e8400000, 0x0000000100000000)
  eden space 63488K, 100% used [0x00000000e0000000,0x00000000e3e00000,0x00000000e3e00000)
  from space 12288K, 47% used [0x00000000e3e00000,0x00000000e43b1b68,0x00000000e4a00000)
  to   space 12288K, 0% used [0x00000000e7800000,0x00000000e7800000,0x00000000e8400000)
 ParOldGen       total 68096K, used 17219K [0x00000000a0000000, 0x00000000a4280000, 0x00000000e0000000)
  object space 68096K, 25% used [0x00000000a0000000,0x00000000a10d0d80,0x00000000a4280000)
 Metaspace       used 45650K, capacity 46568K, committed 46680K, reserved 1089536K
  class space    used 5989K, capacity 6225K, committed 6272K, reserved 1048576K
Event: 79.402 GC heap after
Heap after GC invocations=10 (full 2):
 PSYoungGen      total 73216K, used 11182K [0x00000000e0000000, 0x00000000e8300000, 0x0000000100000000)
  eden space 61952K, 0% used [0x00000000e0000000,0x00000000e0000000,0x00000000e3c80000)
  from space 11264K, 99% used [0x00000000e7800000,0x00000000e82eb8b8,0x00000000e8300000)
  to   space 13312K, 0% used [0x00000000e6900000,0x00000000e6900000,0x00000000e7600000)
 ParOldGen       total 68096K, used 17227K [0x00000000a0000000, 0x00000000a4280000, 0x00000000e0000000)
  object space 68096K, 25% used [0x00000000a0000000,0x00000000a10d2d80,0x00000000a4280000)
 Metaspace       used 45650K, capacity 46568K, committed 46680K, reserved 1089536K
  class space    used 5989K, capacity 6225K, committed 6272K, reserved 1048576K
}
Event: 85.859 GC heap before
{Heap before GC invocations=11 (full 2):
 PSYoungGen      total 73216K, used 73134K [0x00000000e0000000, 0x00000000e8300000, 0x0000000100000000)
  eden space 61952K, 100% used [0x00000000e0000000,0x00000000e3c80000,0x00000000e3c80000)
  from space 11264K, 99% used [0x00000000e7800000,0x00000000e82eb8b8,0x00000000e8300000)
  to   space 13312K, 0% used [0x00000000e6900000,0x00000000e6900000,0x00000000e7600000)
 ParOldGen       total 68096K, used 17227K [0x00000000a0000000, 0x00000000a4280000, 0x00000000e0000000)
  object space 68096K, 25% used [0x00000000a0000000,0x00000000a10d2d80,0x00000000a4280000)
 Metaspace       used 46818K, capacity 47760K, committed 47832K, reserved 1091584K
  class space    used 6097K, capacity 6351K, committed 6400K, reserved 1048576K
Event: 85.869 GC heap after
Heap after GC invocations=11 (full 2):
 PSYoungGen      total 72704K, used 11989K [0x00000000e0000000, 0x00000000e7880000, 0x0000000100000000)
  eden space 60416K, 0% used [0x00000000e0000000,0x00000000e0000000,0x00000000e3b00000)
  from space 12288K, 97% used [0x00000000e6900000,0x00000000e74b56a0,0x00000000e7500000)
  to   space 3584K, 0% used [0x00000000e7500000,0x00000000e7500000,0x00000000e7880000)
 ParOldGen       total 68096K, used 17235K [0x00000000a0000000, 0x00000000a4280000, 0x00000000e0000000)
  object space 68096K, 25% used [0x00000000a0000000,0x00000000a10d4d80,0x00000000a4280000)
 Metaspace       used 46818K, capacity 47760K, committed 47832K, reserved 1091584K
  class space    used 6097K, capacity 6351K, committed 6400K, reserved 1048576K
}
Event: 93.732 GC heap before
{Heap before GC invocations=12 (full 2):
 PSYoungGen      total 72704K, used 72405K [0x00000000e0000000, 0x00000000e7880000, 0x0000000100000000)
  eden space 60416K, 100% used [0x00000000e0000000,0x00000000e3b00000,0x00000000e3b00000)
  from space 12288K, 97% used [0x00000000e6900000,0x00000000e74b56a0,0x00000000e7500000)
  to   space 3584K, 0% used [0x00000000e7500000,0x00000000e7500000,0x00000000e7880000)
 ParOldGen       total 68096K, used 17235K [0x00000000a0000000, 0x00000000a4280000, 0x00000000e0000000)
  object space 68096K, 25% used [0x00000000a0000000,0x00000000a10d4d80,0x00000000a4280000)
 Metaspace       used 49232K, capacity 50276K, committed 50392K, reserved 1093632K
  class space    used 6357K, capacity 6641K, committed 6656K, reserved 1048576K
Event: 93.749 GC heap after
Heap after GC invocations=12 (full 2):
 PSYoungGen      total 62464K, used 3552K [0x00000000e0000000, 0x00000000e7880000, 0x0000000100000000)
  eden space 58880K, 0% used [0x00000000e0000000,0x00000000e0000000,0x00000000e3980000)
  from space 3584K, 99% used [0x00000000e7500000,0x00000000e78781f8,0x00000000e7880000)
  to   space 16384K, 0% used [0x00000000e5880000,0x00000000e5880000,0x00000000e6880000)
 ParOldGen       total 68096K, used 28956K [0x00000000a0000000, 0x00000000a4280000, 0x00000000e0000000)
  object space 68096K, 42% used [0x00000000a0000000,0x00000000a1c47368,0x00000000a4280000)
 Metaspace       used 49232K, capacity 50276K, committed 50392K, reserved 1093632K
  class space    used 6357K, capacity 6641K, committed 6656K, reserved 1048576K
}

